<?xml version="1.0" encoding="UTF-8"?>
<testng-results skipped="0" failed="1" ignored="4" total="5" passed="0">
  <reporter-output>
    <line>
      <![CDATA[Clicking on Home Button : [[ChromeDriver: chrome on WINDOWS (904e3b274a35373ebdacd3efc2201a34)] -> xpath: //button[contains(text(),'Home')]]]]>
    </line>
    <line>
      <![CDATA[Clicking on BankManager Login Button : [[ChromeDriver: chrome on WINDOWS (904e3b274a35373ebdacd3efc2201a34)] -> xpath: //button[contains(text(),'Bank Manager Login')]]]]>
    </line>
    <line>
      <![CDATA[Clicking on Open Account Button : [[ChromeDriver: chrome on WINDOWS (904e3b274a35373ebdacd3efc2201a34)] -> xpath: //body/div[3]/div[1]/div[2]/div[1]/div[1]/button[2]]]]>
    </line>
    <line>
      <![CDATA[Searching and Selecting Customer name : Suresh Modi from drop down list [[ChromeDriver: chrome on WINDOWS (904e3b274a35373ebdacd3efc2201a34)] -> xpath: //select[@id='userSelect']]]]>
    </line>
  </reporter-output>
  <suite name="Default Suite" duration-ms="28075" started-at="2022-05-12T19:37:06 CEST" finished-at="2022-05-12T19:37:34 CEST">
    <groups>
      <group name="regression">
        <method signature="BankTest.bankManagerShouldOpenAccountSuccessfully()[pri:1, instance:com.bank.testsuite.BankTest@80503]" name="bankManagerShouldOpenAccountSuccessfully" class="com.bank.testsuite.BankTest"/>
      </group> <!-- regression -->
      <group name="smoke">
        <method signature="BankTest.bankManagerShouldOpenAccountSuccessfully()[pri:1, instance:com.bank.testsuite.BankTest@80503]" name="bankManagerShouldOpenAccountSuccessfully" class="com.bank.testsuite.BankTest"/>
      </group> <!-- smoke -->
      <group name="sanity">
        <method signature="BankTest.bankManagerShouldOpenAccountSuccessfully()[pri:1, instance:com.bank.testsuite.BankTest@80503]" name="bankManagerShouldOpenAccountSuccessfully" class="com.bank.testsuite.BankTest"/>
      </group> <!-- sanity -->
    </groups>
    <test name="homework-week-14-project-6-xyz-bank" duration-ms="28075" started-at="2022-05-12T19:37:06 CEST" finished-at="2022-05-12T19:37:34 CEST">
      <class name="com.bank.testsuite.BankTest">
        <test-method status="PASS" signature="setUp()[pri:0, instance:com.bank.testsuite.BankTest@80503]" name="setUp" is-config="true" duration-ms="4474" started-at="2022-05-12T19:37:06 CEST" finished-at="2022-05-12T19:37:10 CEST">
          <reporter-output>
          </reporter-output>
        </test-method> <!-- setUp -->
        <test-method status="PASS" signature="init()[pri:0, instance:com.bank.testsuite.BankTest@80503]" name="init" is-config="true" duration-ms="16" started-at="2022-05-12T19:37:10 CEST" finished-at="2022-05-12T19:37:10 CEST">
          <reporter-output>
          </reporter-output>
        </test-method> <!-- init -->
        <test-method status="FAIL" signature="bankManagerShouldOpenAccountSuccessfully()[pri:1, instance:com.bank.testsuite.BankTest@80503]" name="bankManagerShouldOpenAccountSuccessfully" duration-ms="22985" started-at="2022-05-12T19:37:10 CEST" finished-at="2022-05-12T19:37:33 CEST">
          <exception class="org.openqa.selenium.WebDriverException">
            <message>
              <![CDATA[chrome not reachable
  (Session info: chrome=101.0.4951.64)
Build info: version: '4.1.4', revision: '535d840ee2'
System info: host: 'HRIDAY', ip: '192.168.1.13', os.name: 'Windows 10', os.arch: 'amd64', os.version: '10.0', java.version: '1.8.0_121'
Driver info: org.openqa.selenium.chrome.ChromeDriver
Command: [904e3b274a35373ebdacd3efc2201a34, findElement {using=xpath, value=//select[@id='userSelect']}]
Capabilities {acceptInsecureCerts: false, browserName: chrome, browserVersion: 101.0.4951.64, chrome: {chromedriverVersion: 101.0.4951.41 (93c720db8323..., userDataDir: C:\Users\Kalpesh\AppData\Lo...}, goog:chromeOptions: {debuggerAddress: localhost:52008}, javascriptEnabled: true, networkConnectionEnabled: false, pageLoadStrategy: normal, platform: WINDOWS, platformName: WINDOWS, proxy: Proxy(), se:cdp: ws://localhost:52008/devtoo..., se:cdpVersion: 101.0.4951.64, setWindowRect: true, strictFileInteractability: false, timeouts: {implicit: 0, pageLoad: 300000, script: 30000}, unhandledPromptBehavior: dismiss and notify, webauthn:extension:credBlob: true, webauthn:extension:largeBlob: true, webauthn:virtualAuthenticators: true}
Session ID: 904e3b274a35373ebdacd3efc2201a34]]>
            </message>
            <full-stacktrace>
              <![CDATA[org.openqa.selenium.WebDriverException: chrome not reachable
  (Session info: chrome=101.0.4951.64)
Build info: version: '4.1.4', revision: '535d840ee2'
System info: host: 'HRIDAY', ip: '192.168.1.13', os.name: 'Windows 10', os.arch: 'amd64', os.version: '10.0', java.version: '1.8.0_121'
Driver info: org.openqa.selenium.chrome.ChromeDriver
Command: [904e3b274a35373ebdacd3efc2201a34, findElement {using=xpath, value=//select[@id='userSelect']}]
Capabilities {acceptInsecureCerts: false, browserName: chrome, browserVersion: 101.0.4951.64, chrome: {chromedriverVersion: 101.0.4951.41 (93c720db8323..., userDataDir: C:\Users\Kalpesh\AppData\Lo...}, goog:chromeOptions: {debuggerAddress: localhost:52008}, javascriptEnabled: true, networkConnectionEnabled: false, pageLoadStrategy: normal, platform: WINDOWS, platformName: WINDOWS, proxy: Proxy(), se:cdp: ws://localhost:52008/devtoo..., se:cdpVersion: 101.0.4951.64, setWindowRect: true, strictFileInteractability: false, timeouts: {implicit: 0, pageLoad: 300000, script: 30000}, unhandledPromptBehavior: dismiss and notify, webauthn:extension:credBlob: true, webauthn:extension:largeBlob: true, webauthn:virtualAuthenticators: true}
Session ID: 904e3b274a35373ebdacd3efc2201a34
at sun.reflect.NativeConstructorAccessorImpl.newInstance0(Native Method)
at sun.reflect.NativeConstructorAccessorImpl.newInstance(NativeConstructorAccessorImpl.java:62)
at sun.reflect.DelegatingConstructorAccessorImpl.newInstance(DelegatingConstructorAccessorImpl.java:45)
at java.lang.reflect.Constructor.newInstance(Constructor.java:423)
at org.openqa.selenium.remote.codec.w3c.W3CHttpResponseCodec.createException(W3CHttpResponseCodec.java:200)
at org.openqa.selenium.remote.codec.w3c.W3CHttpResponseCodec.decode(W3CHttpResponseCodec.java:133)
at org.openqa.selenium.remote.codec.w3c.W3CHttpResponseCodec.decode(W3CHttpResponseCodec.java:53)
at org.openqa.selenium.remote.HttpCommandExecutor.execute(HttpCommandExecutor.java:184)
at org.openqa.selenium.remote.service.DriverCommandExecutor.invokeExecute(DriverCommandExecutor.java:167)
at org.openqa.selenium.remote.service.DriverCommandExecutor.execute(DriverCommandExecutor.java:142)
at org.openqa.selenium.remote.RemoteWebDriver.execute(RemoteWebDriver.java:567)
at org.openqa.selenium.remote.ElementLocation$ElementFinder$2.findElement(ElementLocation.java:162)
at org.openqa.selenium.remote.ElementLocation.findElement(ElementLocation.java:60)
at org.openqa.selenium.remote.RemoteWebDriver.findElement(RemoteWebDriver.java:385)
at org.openqa.selenium.remote.RemoteWebDriver.findElement(RemoteWebDriver.java:377)
at org.openqa.selenium.support.pagefactory.DefaultElementLocator.findElement(DefaultElementLocator.java:70)
at org.openqa.selenium.support.pagefactory.internal.LocatingElementHandler.invoke(LocatingElementHandler.java:39)
at com.sun.proxy.$Proxy14.findElements(Unknown Source)
at org.openqa.selenium.support.ui.Select.selectByVisibleText(Select.java:133)
at com.bank.utility.Utility.selectByVisibleTextFromDropDown(Utility.java:155)
at com.bank.pages.OpenAccountPage.searchingCustomerNameFromDropDown(OpenAccountPage.java:26)
at com.bank.testsuite.BankTest.bankManagerShouldOpenAccountSuccessfully(BankTest.java:55)
at sun.reflect.NativeMethodAccessorImpl.invoke0(Native Method)
at sun.reflect.NativeMethodAccessorImpl.invoke(NativeMethodAccessorImpl.java:62)
at sun.reflect.DelegatingMethodAccessorImpl.invoke(DelegatingMethodAccessorImpl.java:43)
at java.lang.reflect.Method.invoke(Method.java:498)
at org.testng.internal.invokers.MethodInvocationHelper.invokeMethod(MethodInvocationHelper.java:135)
at org.testng.internal.invokers.TestInvoker.invokeMethod(TestInvoker.java:673)
at org.testng.internal.invokers.TestInvoker.invokeTestMethod(TestInvoker.java:220)
at org.testng.internal.invokers.MethodRunner.runInSequence(MethodRunner.java:50)
at org.testng.internal.invokers.TestInvoker$MethodInvocationAgent.invoke(TestInvoker.java:945)
at org.testng.internal.invokers.TestInvoker.invokeTestMethods(TestInvoker.java:193)
at org.testng.internal.invokers.TestMethodWorker.invokeTestMethods(TestMethodWorker.java:146)
at org.testng.internal.invokers.TestMethodWorker.run(TestMethodWorker.java:128)
at java.util.ArrayList.forEach(ArrayList.java:1249)
at org.testng.TestRunner.privateRun(TestRunner.java:808)
at org.testng.TestRunner.run(TestRunner.java:603)
at org.testng.SuiteRunner.runTest(SuiteRunner.java:429)
at org.testng.SuiteRunner.runSequentially(SuiteRunner.java:423)
at org.testng.SuiteRunner.privateRun(SuiteRunner.java:383)
at org.testng.SuiteRunner.run(SuiteRunner.java:326)
at org.testng.SuiteRunnerWorker.runSuite(SuiteRunnerWorker.java:52)
at org.testng.SuiteRunnerWorker.run(SuiteRunnerWorker.java:95)
at org.testng.TestNG.runSuitesSequentially(TestNG.java:1249)
at org.testng.TestNG.runSuitesLocally(TestNG.java:1169)
at org.testng.TestNG.runSuites(TestNG.java:1092)
at org.testng.TestNG.run(TestNG.java:1060)
at com.intellij.rt.testng.IDEARemoteTestNG.run(IDEARemoteTestNG.java:66)
at com.intellij.rt.testng.RemoteTestNGStarter.main(RemoteTestNGStarter.java:109)
]]>
            </full-stacktrace>
          </exception> <!-- org.openqa.selenium.WebDriverException -->
          <reporter-output>
            <line>
              <![CDATA[Clicking on Home Button : [[ChromeDriver: chrome on WINDOWS (904e3b274a35373ebdacd3efc2201a34)] -> xpath: //button[contains(text(),'Home')]]]]>
            </line>
            <line>
              <![CDATA[Clicking on BankManager Login Button : [[ChromeDriver: chrome on WINDOWS (904e3b274a35373ebdacd3efc2201a34)] -> xpath: //button[contains(text(),'Bank Manager Login')]]]]>
            </line>
            <line>
              <![CDATA[Clicking on Open Account Button : [[ChromeDriver: chrome on WINDOWS (904e3b274a35373ebdacd3efc2201a34)] -> xpath: //body/div[3]/div[1]/div[2]/div[1]/div[1]/button[2]]]]>
            </line>
            <line>
              <![CDATA[Searching and Selecting Customer name : Suresh Modi from drop down list [[ChromeDriver: chrome on WINDOWS (904e3b274a35373ebdacd3efc2201a34)] -> xpath: //select[@id='userSelect']]]]>
            </line>
          </reporter-output>
        </test-method> <!-- bankManagerShouldOpenAccountSuccessfully -->
        <test-method status="PASS" signature="tearDown()[pri:0, instance:com.bank.testsuite.BankTest@80503]" name="tearDown" is-config="true" duration-ms="563" started-at="2022-05-12T19:37:33 CEST" finished-at="2022-05-12T19:37:34 CEST">
          <reporter-output>
          </reporter-output>
        </test-method> <!-- tearDown -->
      </class> <!-- com.bank.testsuite.BankTest -->
    </test> <!-- homework-week-14-project-6-xyz-bank -->
  </suite> <!-- Default Suite -->
</testng-results>
